Photogrammetry Quest SDK/Library/Bee/Android/Prj/Mono2x/Gradle/launcher/build/intermediates/manifest_merge_blame_file/release/manifest-merger-blame-release-report.txt
1<?xml version="1.0" encoding="utf-8"?>
2<manifest xmlns:android="http://schemas.android.com/apk/res/android"
3    package="com.UMNVR.PhotogrammetryDemo"
4    android:installLocation="preferExternal"
5    android:versionCode="1"
6    android:versionName="1.0" >
7
8    <uses-sdk
9        android:minSdkVersion="23"
9-->src/main/AndroidManifest.xml
10        android:targetSdkVersion="30" />
10-->src/main/AndroidManifest.xml
11
12    <supports-screens
12-->src/main/AndroidManifest.xml:3:3-163
13        android:anyDensity="true"
13-->src/main/AndroidManifest.xml:3:135-160
14        android:largeScreens="true"
14-->src/main/AndroidManifest.xml:3:78-105
15        android:normalScreens="true"
15-->src/main/AndroidManifest.xml:3:49-77
16        android:smallScreens="true"
16-->src/main/AndroidManifest.xml:3:21-48
17        android:xlargeScreens="true" />
17-->src/main/AndroidManifest.xml:3:106-134
18
19    <uses-feature android:glEsVersion="0x00030000" />
19-->[:unityLibrary] AndroidManifest.xml:13:5-54
19-->[:unityLibrary] AndroidManifest.xml:13:19-51
20
21    <supports-gl-texture android:name="GL_KHR_texture_compression_astc_ldr" />
21-->[:unityLibrary] AndroidManifest.xml:15:5-79
21-->[:unityLibrary] AndroidManifest.xml:15:26-76
22
23    <uses-permission android:name="android.permission.INTERNET" />
23-->[:unityLibrary] AndroidManifest.xml:17:5-67
23-->[:unityLibrary] AndroidManifest.xml:17:22-64
24
25    <uses-feature
25-->[:unityLibrary] AndroidManifest.xml:19:5-21:36
26        android:name="android.hardware.touchscreen"
26-->[:unityLibrary] AndroidManifest.xml:20:9-52
27        android:required="false" />
27-->[:unityLibrary] AndroidManifest.xml:21:9-33
28    <uses-feature
28-->[:unityLibrary] AndroidManifest.xml:22:5-24:36
29        android:name="android.hardware.touchscreen.multitouch"
29-->[:unityLibrary] AndroidManifest.xml:23:9-63
30        android:required="false" />
30-->[:unityLibrary] AndroidManifest.xml:24:9-33
31    <uses-feature
31-->[:unityLibrary] AndroidManifest.xml:25:5-27:36
32        android:name="android.hardware.touchscreen.multitouch.distinct"
32-->[:unityLibrary] AndroidManifest.xml:26:9-72
33        android:required="false" />
33-->[:unityLibrary] AndroidManifest.xml:27:9-33
34    <uses-feature
34-->[:unityLibrary] AndroidManifest.xml:28:5-31:31
35        android:name="android.hardware.vr.headtracking"
35-->[:unityLibrary] AndroidManifest.xml:29:9-56
36        android:required="true"
36-->[:unityLibrary] AndroidManifest.xml:30:9-32
37        android:version="1" />
37-->[:unityLibrary] AndroidManifest.xml:31:9-28
38
39    <application
39-->src/main/AndroidManifest.xml:4:3-126
40        android:extractNativeLibs="true"
40-->[:unityLibrary] AndroidManifest.xml:33:18-50
41        android:icon="@mipmap/app_icon"
41-->src/main/AndroidManifest.xml:4:49-80
42        android:label="@string/app_name"
42-->src/main/AndroidManifest.xml:4:16-48
43        android:roundIcon="@mipmap/app_icon_round" >
43-->src/main/AndroidManifest.xml:4:81-123
44        <activity
44-->[:unityLibrary] AndroidManifest.xml:34:9-58:20
45            android:name="com.unity3d.player.UnityPlayerActivity"
45-->[:unityLibrary] AndroidManifest.xml:35:13-66
46            android:configChanges="keyboard|keyboardHidden|navigation|orientation|screenLayout|screenSize|uiMode"
46-->[:unityLibrary] AndroidManifest.xml:36:13-114
47            android:hardwareAccelerated="false"
47-->[:unityLibrary] AndroidManifest.xml:37:13-48
48            android:launchMode="singleTask"
48-->[:unityLibrary] AndroidManifest.xml:38:13-44
49            android:resizeableActivity="false"
49-->[:unityLibrary] AndroidManifest.xml:39:13-47
50            android:screenOrientation="landscape"
50-->[:unityLibrary] AndroidManifest.xml:40:13-50
51            android:theme="@android:style/Theme.Black.NoTitleBar.Fullscreen" >
51-->[:unityLibrary] AndroidManifest.xml:41:13-77
52            <intent-filter>
52-->[:unityLibrary] AndroidManifest.xml:42:13-47:29
53                <action android:name="android.intent.action.MAIN" />
53-->[:unityLibrary] AndroidManifest.xml:43:17-69
53-->[:unityLibrary] AndroidManifest.xml:43:25-66
54
55                <category android:name="android.intent.category.LAUNCHER" />
55-->[:unityLibrary] AndroidManifest.xml:45:17-77
55-->[:unityLibrary] AndroidManifest.xml:45:27-74
56                <category android:name="com.oculus.intent.category.VR" />
56-->[:unityLibrary] AndroidManifest.xml:46:17-74
56-->[:unityLibrary] AndroidManifest.xml:46:27-71
57            </intent-filter>
58
59            <meta-data
59-->[:unityLibrary] AndroidManifest.xml:49:13-51:40
60                android:name="unityplayer.UnityActivity"
60-->[:unityLibrary] AndroidManifest.xml:50:17-57
61                android:value="true" />
61-->[:unityLibrary] AndroidManifest.xml:51:17-37
62            <meta-data
62-->[:unityLibrary] AndroidManifest.xml:52:13-54:40
63                android:name="android.notch_support"
63-->[:unityLibrary] AndroidManifest.xml:53:17-53
64                android:value="true" />
64-->[:unityLibrary] AndroidManifest.xml:54:17-37
65            <meta-data
65-->[:unityLibrary] AndroidManifest.xml:55:13-57:40
66                android:name="com.oculus.vr.focusaware"
66-->[:unityLibrary] AndroidManifest.xml:56:17-56
67                android:value="true" />
67-->[:unityLibrary] AndroidManifest.xml:57:17-37
68        </activity>
69
70        <meta-data
70-->[:unityLibrary] AndroidManifest.xml:60:9-62:33
71            android:name="unity.splash-mode"
71-->[:unityLibrary] AndroidManifest.xml:61:13-45
72            android:value="0" />
72-->[:unityLibrary] AndroidManifest.xml:62:13-30
73        <meta-data
73-->[:unityLibrary] AndroidManifest.xml:63:9-65:36
74            android:name="unity.splash-enable"
74-->[:unityLibrary] AndroidManifest.xml:64:13-47
75            android:value="True" />
75-->[:unityLibrary] AndroidManifest.xml:65:13-33
76        <meta-data
76-->[:unityLibrary] AndroidManifest.xml:66:9-68:36
77            android:name="unity.launch-fullscreen"
77-->[:unityLibrary] AndroidManifest.xml:67:13-51
78            android:value="True" />
78-->[:unityLibrary] AndroidManifest.xml:68:13-33
79        <meta-data
79-->[:unityLibrary] AndroidManifest.xml:69:9-71:37
80            android:name="unity.allow-resizable-window"
80-->[:unityLibrary] AndroidManifest.xml:70:13-56
81            android:value="False" />
81-->[:unityLibrary] AndroidManifest.xml:71:13-34
82        <meta-data
82-->[:unityLibrary] AndroidManifest.xml:72:9-74:50
83            android:name="notch.config"
83-->[:unityLibrary] AndroidManifest.xml:73:13-40
84            android:value="portrait|landscape" />
84-->[:unityLibrary] AndroidManifest.xml:74:13-47
85        <meta-data
85-->[:unityLibrary] AndroidManifest.xml:75:9-77:39
86            android:name="com.samsung.android.vr.application.mode"
86-->[:unityLibrary] AndroidManifest.xml:76:13-67
87            android:value="vr_only" />
87-->[:unityLibrary] AndroidManifest.xml:77:13-36
88        <meta-data
88-->[:unityLibrary] AndroidManifest.xml:78:9-80:37
89            android:name="com.unity.xr.oculus.LowOverheadMode"
89-->[:unityLibrary] AndroidManifest.xml:79:13-63
90            android:value="false" />
90-->[:unityLibrary] AndroidManifest.xml:80:13-34
91        <meta-data
91-->[:unityLibrary] AndroidManifest.xml:81:9-83:37
92            android:name="com.unity.xr.oculus.LateLatching"
92-->[:unityLibrary] AndroidManifest.xml:82:13-60
93            android:value="false" />
93-->[:unityLibrary] AndroidManifest.xml:83:13-34
94        <meta-data
94-->[:unityLibrary] AndroidManifest.xml:84:9-86:37
95            android:name="com.unity.xr.oculus.LateLatchingDebug"
95-->[:unityLibrary] AndroidManifest.xml:85:13-65
96            android:value="false" />
96-->[:unityLibrary] AndroidManifest.xml:86:13-34
97        <meta-data
97-->[:unityLibrary] AndroidManifest.xml:87:9-89:44
98            android:name="com.oculus.supportedDevices"
98-->[:unityLibrary] AndroidManifest.xml:88:13-55
99            android:value="quest|quest2" />
99-->[:unityLibrary] AndroidManifest.xml:89:13-41
100    </application>
101
102</manifest>